<?xml version="1.0" encoding="UTF-8"?>
<!-- Generated by org.testng.reporters.JUnitReportReporter -->
<testsuite skipped="0" hostname="DESKTOP-ECU4VJC" name="Cap1.Scenario2" tests="1" failures="0" timestamp="2023-11-09T17:11:25 IST" time="23.809" errors="0">
  <testcase name="iPhone" time="23.809" classname="Cap1.Scenario2"/>
  <system-out/>
</testsuite> <!-- Cap1.Scenario2 -->
