<?xml version="1.0" encoding="UTF-8"?>
<!-- Generated by org.testng.reporters.JUnitReportReporter -->
<testsuite skipped="0" hostname="DESKTOP-ECU4VJC" name="Cap1.Scenario1" tests="1" failures="0" timestamp="2023-11-09T14:53:52 IST" time="25.582" errors="0">
  <testcase name="Contact" time="25.582" classname="Cap1.Scenario1"/>
  <system-out/>
</testsuite> <!-- Cap1.Scenario1 -->
